<?xml version="1.0" encoding="utf-8"?>
<?AutomationStudio Version=3.0?>
<Transfer xmlns="http://br-automation.co.at/AS/Transfer">
  <OperatingSystem Version="J4.93"/>
  <Hardware Target="SG4"/>
  <Operation Delete="Human_Comp.br"/>
  <Operation Delete="Robotics.br"/>
  <Operation Delete="mvLoader.br"/>
  <Operation Delete="McPathXT.br"/>
  <Operation Delete="McMechSys.br"/>
  <Operation Delete="CoTrace.br"/>
  <Operation Delete="McProgInt.br"/>
  <Operation Delete="McPathGen.br"/>
  <Operation Delete="MpRobotics.br"/>
  <Operation Delete="asieccon.br"/>
  <Operation Delete="McAxGroup.br"/>
  <Operation Delete="arssl.br"/>
  <Operation Delete="AsZip.br"/>
  <Operation Delete="asarlog.br"/>
  <Operation Delete="asarprof.br"/>
  <Operation Delete="asmem.br"/>
  <Operation Delete="brsystem.br"/>
  <Operation Delete="dataobj.br"/>
  <Operation Delete="asio.br"/>
  <Operation Delete="MpBase.br"/>
  <Operation Delete="sys_lib.br"/>
  <Operation Delete="McAcpAx.br"/>
  <Operation Delete="McAxis.br"/>
  <Operation Delete="McAcpDrv.br"/>
  <Operation Delete="McBase.br"/>
  <Operation Delete="arflatprv.br"/>
  <Operation Delete="arcoal.br"/>
  <Operation Delete="astime.br"/>
  <Operation Delete="asepl.br"/>
  <Operation Delete="FileIO.br"/>
  <Operation Download="ashwd.br" Memory="SystemROM"/>
  <Operation Download="asfw.br" Memory="SystemROM"/>
  <Operation Download="arconfig.br" Memory="SystemROM"/>
  <Operation Download="sysconf.br" Memory="SystemROM"/>
  <Operation Restart="warm"/>
  <Operation Download="McAcpSim.br" Memory="UserROM"/>
  <Operation Download="arsvcreg.br" Memory="UserROM"/>
  <Operation Download="powerlnk.br" Memory="UserROM"/>
  <Operation Download="runtime.br" Memory="UserROM"/>
  <Operation Download="FileIO.br" Memory="UserROM"/>
  <Operation Download="asepl.br" Memory="UserROM"/>
  <Operation Download="astime.br" Memory="UserROM"/>
  <Operation Download="arcoal.br" Memory="UserROM"/>
  <Operation Download="arflatprv.br" Memory="UserROM"/>
  <Operation Download="McBase.br" Memory="UserROM"/>
  <Operation Download="McAcpDrv.br" Memory="UserROM"/>
  <Operation Download="McAxis.br" Memory="UserROM"/>
  <Operation Download="McAcpAx.br" Memory="UserROM"/>
  <Operation Download="McAcpSys.br" Memory="UserROM"/>
  <Operation Restart="warm"/>
  <Operation Download="sys_lib.br" Memory="UserROM"/>
  <Operation Download="MpBase.br" Memory="UserROM"/>
  <Operation Download="asio.br" Memory="UserROM"/>
  <Operation Download="dataobj.br" Memory="UserROM"/>
  <Operation Download="brsystem.br" Memory="UserROM"/>
  <Operation Download="asmem.br" Memory="UserROM"/>
  <Operation Download="asarprof.br" Memory="UserROM"/>
  <Operation Download="asarlog.br" Memory="UserROM"/>
  <Operation Download="AsZip.br" Memory="UserROM"/>
  <Operation Download="arssl.br" Memory="UserROM"/>
  <Operation Download="McAxGroup.br" Memory="UserROM"/>
  <Operation Download="asieccon.br" Memory="UserROM"/>
  <Operation Download="MpRobotics.br" Memory="UserROM"/>
  <Operation Download="McPathGen.br" Memory="UserROM"/>
  <Operation Download="McProgInt.br" Memory="UserROM"/>
  <Operation Download="CoTrace.br" Memory="UserROM"/>
  <Operation Download="ashwac.br" Memory="UserROM"/>
  <Operation Download="Config_1.br" Memory="UserROM"/>
  <Operation Download="Config_2.br" Memory="UserROM"/>
  <Operation Download="Config_3.br" Memory="UserROM"/>
  <Operation Download="Config_4.br" Memory="UserROM"/>
  <Operation Download="FWRules.br" Memory="UserROM"/>
  <Operation Download="Hierarchy.br" Memory="UserROM"/>
  <Operation Download="iomap.br" Memory="UserROM"/>
  <Operation Download="McMechSys.br" Memory="UserROM"/>
  <Operation Download="mCoWebSc.br" Memory="UserROM"/>
  <Operation Download="McPathXT.br" Memory="UserROM"/>
  <Operation Download="mvLoader.br" Memory="UserROM"/>
  <Operation Download="Role.br" Memory="UserROM"/>
  <Operation Download="Settings.br" Memory="UserROM"/>
  <Operation Download="TC.br" Memory="UserROM"/>
  <Operation Download="TCData.br" Memory="SystemROM"/>
  <Operation Download="TCLang.br" Memory="UserROM"/>
  <Operation Download="udbdef.br" Memory="UserROM"/>
  <Operation Download="User.br" Memory="UserROM"/>
  <Operation Download="Robotics.br" Memory="UserROM"/>
  <Operation Download="Human_Comp.br" Memory="UserROM"/>
</Transfer>